<?xml version="1.0" encoding="UTF-8"?>
<!-- Generated by org.testng.reporters.JUnitReportReporter -->
<testsuite hostname="Karubid-Design" failures="0" tests="5" name="testCases.loginKeywords" time="10.966" errors="0" timestamp="2023-01-27T21:57:54 BDT" skipped="0">
  <testcase classname="testCases.loginKeywords" name="loadAUT" time="8.054"/>
  <testcase classname="testCases.loginKeywords" name="loginTitlevalidate" time="0.012"/>
  <testcase classname="testCases.loginKeywords" name="loginFunctionality" time="2.264"/>
  <testcase classname="testCases.loginKeywords" name="afterloginTitlevalidate" time="0.006"/>
  <testcase classname="testCases.loginKeywords" name="logoutFunctionality" time="0.630"/>
</testsuite> <!-- testCases.loginKeywords -->
