<?xml version="1.0" encoding="UTF-8"?>
<!-- Generated by org.testng.reporters.JUnitReportReporter -->
<testsuite hostname="Karubid-Design" failures="0" tests="1" name="testCases.loginRunnerfunctionality" time="28.830" errors="0" timestamp="2023-01-30T11:57:19 BDT" skipped="0">
  <testcase classname="testCases.loginRunnerfunctionality" name="userLogin" time="28.830"/>
</testsuite> <!-- testCases.loginRunnerfunctionality -->
